<?xml version="1.0" encoding="UTF-8"?>
<!-- Generated by org.testng.reporters.JUnitXMLReporter -->
<testsuite ignored="0" hostname="IE4LLTBZN4PQ2" failures="0" tests="4" name="Test" time="116.982" errors="0" timestamp="2022-09-03T23:40:16 IST">
  <testcase classname="test.AdminLoginTest" name="addProduct" time="20.536"/>
  <testcase classname="test.UserLoginTest" name="BuyMedicineTest" time="20.527"/>
  <testcase classname="test.UserLoginTest" name="CategoryTest" time="9.384"/>
  <testcase classname="test.UserLoginTest" name="ProductFilterTest" time="10.238"/>
</testsuite> <!-- Test -->
