<?xml version="1.0" encoding="UTF-8"?>
<testng-results ignored="0" total="4" passed="4" failed="0" skipped="0">
  <reporter-output>
  </reporter-output>
  <suite started-at="2022-09-03T23:38:19 IST" name="Suite" finished-at="2022-09-03T23:40:16 IST" duration-ms="116982">
    <groups>
    </groups>
    <test started-at="2022-09-03T23:38:19 IST" name="Test" finished-at="2022-09-03T23:40:16 IST" duration-ms="116982">
      <class name="test.AdminLoginTest">
        <test-method is-config="true" signature="SetUp(java.lang.reflect.Method)[pri:0, instance:test.AdminLoginTest@212b5695]" started-at="2022-09-03T23:38:19 IST" name="SetUp" finished-at="2022-09-03T23:38:36 IST" duration-ms="16677" status="PASS">
          <params>
            <param index="0">
              <value>
                <![CDATA[public void test.AdminLoginTest.addProduct() throws java.lang.InterruptedException]]>
              </value>
            </param>
          </params>
          <reporter-output>
          </reporter-output>
        </test-method> <!-- SetUp -->
        <test-method signature="addProduct()[pri:0, instance:test.AdminLoginTest@212b5695]" started-at="2022-09-03T23:38:36 IST" name="addProduct" finished-at="2022-09-03T23:38:56 IST" duration-ms="20536" status="PASS">
          <reporter-output>
          </reporter-output>
        </test-method> <!-- addProduct -->
        <test-method is-config="true" signature="TearDown()[pri:0, instance:test.AdminLoginTest@212b5695]" started-at="2022-09-03T23:38:56 IST" name="TearDown" finished-at="2022-09-03T23:38:56 IST" duration-ms="435" status="PASS">
          <reporter-output>
          </reporter-output>
        </test-method> <!-- TearDown -->
      </class> <!-- test.AdminLoginTest -->
      <class name="test.UserLoginTest">
        <test-method is-config="true" signature="SetUp(java.lang.reflect.Method)[pri:0, instance:test.UserLoginTest@4d465b11]" started-at="2022-09-03T23:38:57 IST" name="SetUp" finished-at="2022-09-03T23:39:10 IST" duration-ms="13145" status="PASS">
          <params>
            <param index="0">
              <value>
                <![CDATA[public void test.UserLoginTest.BuyMedicineTest() throws java.lang.InterruptedException]]>
              </value>
            </param>
          </params>
          <reporter-output>
          </reporter-output>
        </test-method> <!-- SetUp -->
        <test-method signature="BuyMedicineTest()[pri:0, instance:test.UserLoginTest@4d465b11]" started-at="2022-09-03T23:39:10 IST" name="BuyMedicineTest" finished-at="2022-09-03T23:39:30 IST" duration-ms="20527" status="PASS">
          <reporter-output>
          </reporter-output>
        </test-method> <!-- BuyMedicineTest -->
        <test-method is-config="true" signature="TearDown()[pri:0, instance:test.UserLoginTest@4d465b11]" started-at="2022-09-03T23:39:30 IST" name="TearDown" finished-at="2022-09-03T23:39:31 IST" duration-ms="794" status="PASS">
          <reporter-output>
          </reporter-output>
        </test-method> <!-- TearDown -->
        <test-method is-config="true" signature="SetUp(java.lang.reflect.Method)[pri:0, instance:test.UserLoginTest@4d465b11]" started-at="2022-09-03T23:39:31 IST" name="SetUp" finished-at="2022-09-03T23:39:45 IST" duration-ms="13997" status="PASS">
          <params>
            <param index="0">
              <value>
                <![CDATA[public void test.UserLoginTest.CategoryTest() throws java.lang.InterruptedException]]>
              </value>
            </param>
          </params>
          <reporter-output>
          </reporter-output>
        </test-method> <!-- SetUp -->
        <test-method signature="CategoryTest()[pri:0, instance:test.UserLoginTest@4d465b11]" started-at="2022-09-03T23:39:45 IST" name="CategoryTest" finished-at="2022-09-03T23:39:54 IST" duration-ms="9384" status="PASS">
          <reporter-output>
          </reporter-output>
        </test-method> <!-- CategoryTest -->
        <test-method is-config="true" signature="TearDown()[pri:0, instance:test.UserLoginTest@4d465b11]" started-at="2022-09-03T23:39:54 IST" name="TearDown" finished-at="2022-09-03T23:39:55 IST" duration-ms="299" status="PASS">
          <reporter-output>
          </reporter-output>
        </test-method> <!-- TearDown -->
        <test-method is-config="true" signature="SetUp(java.lang.reflect.Method)[pri:0, instance:test.UserLoginTest@4d465b11]" started-at="2022-09-03T23:39:55 IST" name="SetUp" finished-at="2022-09-03T23:40:05 IST" duration-ms="10604" status="PASS">
          <params>
            <param index="0">
              <value>
                <![CDATA[public void test.UserLoginTest.ProductFilterTest() throws java.lang.InterruptedException]]>
              </value>
            </param>
          </params>
          <reporter-output>
          </reporter-output>
        </test-method> <!-- SetUp -->
        <test-method signature="ProductFilterTest()[pri:0, instance:test.UserLoginTest@4d465b11]" started-at="2022-09-03T23:40:05 IST" name="ProductFilterTest" finished-at="2022-09-03T23:40:15 IST" duration-ms="10238" status="PASS">
          <reporter-output>
          </reporter-output>
        </test-method> <!-- ProductFilterTest -->
        <test-method is-config="true" signature="TearDown()[pri:0, instance:test.UserLoginTest@4d465b11]" started-at="2022-09-03T23:40:15 IST" name="TearDown" finished-at="2022-09-03T23:40:16 IST" duration-ms="268" status="PASS">
          <reporter-output>
          </reporter-output>
        </test-method> <!-- TearDown -->
      </class> <!-- test.UserLoginTest -->
    </test> <!-- Test -->
  </suite> <!-- Suite -->
</testng-results>
